INFO 2025-02-25 22:18:29,966 autoreload Watching for file changes with StatReloader
WARNING 2025-02-25 22:18:30,371 aes TgCrypto is missing! Pyrogram will work the same, but at a much slower speed. More info: https://docs.pyrogram.org/topics/speedups
WARNING 2025-02-25 22:19:01,259 aes TgCrypto is missing! Pyrogram will work the same, but at a much slower speed. More info: https://docs.pyrogram.org/topics/speedups
INFO 2025-02-25 22:19:09,250 autoreload Watching for file changes with StatReloader
WARNING 2025-02-25 22:19:09,650 aes TgCrypto is missing! Pyrogram will work the same, but at a much slower speed. More info: https://docs.pyrogram.org/topics/speedups
INFO 2025-02-25 22:19:22,108 autoreload Watching for file changes with StatReloader
WARNING 2025-02-25 22:19:22,505 aes TgCrypto is missing! Pyrogram will work the same, but at a much slower speed. More info: https://docs.pyrogram.org/topics/speedups
WARNING 2025-02-25 22:19:54,107 aes TgCrypto is missing! Pyrogram will work the same, but at a much slower speed. More info: https://docs.pyrogram.org/topics/speedups
INFO 2025-02-25 22:20:01,853 autoreload Watching for file changes with StatReloader
WARNING 2025-02-25 22:20:02,251 aes TgCrypto is missing! Pyrogram will work the same, but at a much slower speed. More info: https://docs.pyrogram.org/topics/speedups
INFO 2025-02-25 22:20:51,962 auth Start creating a new auth key on DC2
INFO 2025-02-25 22:20:51,964 connection Connecting...
INFO 2025-02-25 22:20:52,120 connection Connected! Production DC2 - IPv4
INFO 2025-02-25 22:20:53,727 auth Done auth key exchange: DhGenOk
INFO 2025-02-25 22:20:53,728 connection Disconnected
INFO 2025-02-25 22:20:53,748 connection Connecting...
INFO 2025-02-25 22:20:53,901 connection Connected! Production DC2 - IPv4
INFO 2025-02-25 22:20:53,902 session NetworkTask started
INFO 2025-02-25 22:20:54,596 session Session initialized: Layer 158
INFO 2025-02-25 22:20:54,596 session Device: CPython 3.13.2 - Pyrogram 2.0.106
INFO 2025-02-25 22:20:54,596 session System: Windows 11 (en)
INFO 2025-02-25 22:20:54,597 session Session started
INFO 2025-02-25 22:20:54,598 session PingTask started
INFO 2025-02-25 22:22:11,096 session NetworkTask stopped
INFO 2025-02-25 22:22:11,096 session PingTask stopped
INFO 2025-02-25 22:22:11,097 connection Disconnected
INFO 2025-02-25 22:22:11,097 session Session stopped
INFO 2025-02-25 22:22:11,097 connection Connecting...
INFO 2025-02-25 22:22:11,241 connection Connected! Production DC2 - IPv4
INFO 2025-02-25 22:22:11,242 session NetworkTask started
INFO 2025-02-25 22:22:11,578 session Discarding packet: The msg_id is lower than all the stored values
INFO 2025-02-25 22:22:11,578 tcp Send exception: ConnectionResetError Connection lost
INFO 2025-02-25 22:22:11,579 connection Disconnected
INFO 2025-02-25 22:22:11,580 session NetworkTask stopped
INFO 2025-02-25 22:22:11,580 connection Disconnected
INFO 2025-02-25 22:22:11,581 session Session stopped
INFO 2025-02-25 22:22:11,582 connection Connecting...
INFO 2025-02-25 22:22:11,733 connection Connected! Production DC2 - IPv4
INFO 2025-02-25 22:22:11,733 session NetworkTask started
INFO 2025-02-25 22:22:12,096 session Discarding packet: The msg_id is lower than all the stored values
INFO 2025-02-25 22:22:12,097 tcp Send exception: ConnectionResetError Connection lost
INFO 2025-02-25 22:22:12,098 session NetworkTask stopped
INFO 2025-02-25 22:22:12,098 connection Disconnected
INFO 2025-02-25 22:22:12,098 tcp Send exception: ConnectionResetError Connection lost
INFO 2025-02-25 22:22:12,099 connection Disconnected
INFO 2025-02-25 22:22:12,099 session Session stopped
INFO 2025-02-25 22:22:12,099 connection Connecting...
INFO 2025-02-25 22:22:12,099 tcp Send exception: ConnectionResetError Connection lost
INFO 2025-02-25 22:22:12,100 tcp Send exception: ConnectionResetError Connection lost
INFO 2025-02-25 22:22:12,253 connection Connected! Production DC2 - IPv4
INFO 2025-02-25 22:22:12,254 session NetworkTask started
INFO 2025-02-25 22:22:13,046 session Discarding packet: The msg_id is lower than all the stored values
INFO 2025-02-25 22:22:13,047 tcp Send exception: ConnectionResetError Connection lost
INFO 2025-02-25 22:22:13,048 session NetworkTask stopped
INFO 2025-02-25 22:22:13,048 connection Disconnected
INFO 2025-02-25 22:22:13,048 tcp Send exception: ConnectionResetError Connection lost
INFO 2025-02-25 22:22:13,049 connection Disconnected
INFO 2025-02-25 22:22:13,049 session Session stopped
INFO 2025-02-25 22:22:13,049 connection Connecting...
INFO 2025-02-25 22:22:13,052 tcp Send exception: ConnectionResetError Connection lost
INFO 2025-02-25 22:22:13,053 tcp Send exception: ConnectionResetError Connection lost
INFO 2025-02-25 22:22:13,219 connection Connected! Production DC2 - IPv4
INFO 2025-02-25 22:22:13,219 session NetworkTask started
INFO 2025-02-25 22:22:13,571 session Discarding packet: The msg_id is lower than all the stored values
INFO 2025-02-25 22:22:13,572 session NetworkTask stopped
INFO 2025-02-25 22:22:13,572 connection Disconnected
INFO 2025-02-25 22:22:13,574 tcp Send exception: ConnectionResetError Connection lost
INFO 2025-02-25 22:22:13,575 tcp Send exception: ConnectionResetError Connection lost
INFO 2025-02-25 22:22:13,575 connection Disconnected
INFO 2025-02-25 22:22:13,575 session Session stopped
INFO 2025-02-25 22:22:13,575 connection Connecting...
INFO 2025-02-25 22:22:13,721 connection Connected! Production DC2 - IPv4
INFO 2025-02-25 22:22:13,721 session NetworkTask started
INFO 2025-02-25 22:22:14,419 session Session initialized: Layer 158
INFO 2025-02-25 22:22:14,419 session Device: CPython 3.13.2 - Pyrogram 2.0.106
INFO 2025-02-25 22:22:14,420 session System: Windows 11 (en)
INFO 2025-02-25 22:22:14,420 session Session started
INFO 2025-02-25 22:22:14,420 session PingTask started
INFO 2025-02-25 22:23:14,813 session NetworkTask stopped
INFO 2025-02-25 22:23:14,814 session PingTask stopped
INFO 2025-02-25 22:23:14,815 connection Disconnected
INFO 2025-02-25 22:23:14,815 session Session stopped
INFO 2025-02-25 22:23:14,815 connection Connecting...
INFO 2025-02-25 22:23:14,956 connection Connected! Production DC2 - IPv4
INFO 2025-02-25 22:23:14,956 session NetworkTask started
INFO 2025-02-25 22:23:15,262 session Discarding packet: The msg_id is lower than all the stored values
INFO 2025-02-25 22:23:15,263 session Discarding packet: The msg_id is lower than all the stored values
INFO 2025-02-25 22:23:15,263 connection Disconnected
INFO 2025-02-25 22:23:15,263 session NetworkTask stopped
INFO 2025-02-25 22:23:15,263 connection Disconnected
INFO 2025-02-25 22:23:16,970 connection Disconnected
INFO 2025-02-25 22:23:16,970 session Session stopped
INFO 2025-02-25 22:23:16,971 connection Connecting...
INFO 2025-02-25 22:23:17,155 connection Connected! Production DC2 - IPv4
INFO 2025-02-25 22:23:17,156 session NetworkTask started
INFO 2025-02-25 22:23:17,487 session Discarding packet: The msg_id is lower than all the stored values
INFO 2025-02-25 22:23:17,487 session Discarding packet: The msg_id is lower than all the stored values
INFO 2025-02-25 22:23:17,487 session NetworkTask stopped
INFO 2025-02-25 22:23:17,487 connection Disconnected
INFO 2025-02-25 22:23:17,488 connection Disconnected
INFO 2025-02-25 22:23:17,488 tcp Send exception: ConnectionResetError Connection lost
INFO 2025-02-25 22:23:17,488 connection Disconnected
INFO 2025-02-25 22:23:17,488 session Session stopped
INFO 2025-02-25 22:23:17,488 connection Connecting...
INFO 2025-02-25 22:23:17,621 connection Connected! Production DC2 - IPv4
INFO 2025-02-25 22:23:17,621 session NetworkTask started
INFO 2025-02-25 22:23:17,915 session Discarding packet: The msg_id is lower than all the stored values
INFO 2025-02-25 22:23:17,916 session Discarding packet: The msg_id is lower than all the stored values
INFO 2025-02-25 22:23:17,917 session NetworkTask stopped
INFO 2025-02-25 22:23:17,917 connection Disconnected
INFO 2025-02-25 22:23:17,917 connection Disconnected
INFO 2025-02-25 22:23:17,918 tcp Send exception: ConnectionResetError Connection lost
INFO 2025-02-25 22:23:17,918 connection Disconnected
INFO 2025-02-25 22:23:17,918 session Session stopped
INFO 2025-02-25 22:23:17,918 connection Connecting...
INFO 2025-02-25 22:23:18,049 connection Connected! Production DC2 - IPv4
INFO 2025-02-25 22:23:18,050 session NetworkTask started
INFO 2025-02-25 22:23:18,366 session Discarding packet: The msg_id is lower than all the stored values
INFO 2025-02-25 22:23:18,368 session NetworkTask stopped
INFO 2025-02-25 22:23:18,368 connection Disconnected
INFO 2025-02-25 22:23:18,369 tcp Send exception: ConnectionResetError Connection lost
INFO 2025-02-25 22:23:18,369 tcp Send exception: ConnectionResetError Connection lost
INFO 2025-02-25 22:23:18,369 tcp Send exception: ConnectionResetError Connection lost
INFO 2025-02-25 22:23:18,369 connection Disconnected
INFO 2025-02-25 22:23:18,369 session Session stopped
INFO 2025-02-25 22:23:18,369 connection Connecting...
INFO 2025-02-25 22:23:18,499 connection Connected! Production DC2 - IPv4
INFO 2025-02-25 22:23:18,499 session NetworkTask started
INFO 2025-02-25 22:23:18,814 session Discarding packet: The msg_id is lower than all the stored values
INFO 2025-02-25 22:23:18,815 session NetworkTask stopped
INFO 2025-02-25 22:23:18,815 connection Disconnected
INFO 2025-02-25 22:23:18,816 tcp Send exception: ConnectionResetError Connection lost
INFO 2025-02-25 22:23:18,816 tcp Send exception: ConnectionResetError Connection lost
INFO 2025-02-25 22:23:18,816 connection Disconnected
INFO 2025-02-25 22:23:18,817 session Session stopped
INFO 2025-02-25 22:23:18,817 connection Connecting...
INFO 2025-02-25 22:23:18,817 tcp Send exception: ConnectionResetError Connection lost
INFO 2025-02-25 22:23:18,949 connection Connected! Production DC2 - IPv4
INFO 2025-02-25 22:23:18,949 session NetworkTask started
INFO 2025-02-25 22:23:19,263 session Discarding packet: The msg_id is lower than all the stored values
INFO 2025-02-25 22:23:19,264 session NetworkTask stopped
INFO 2025-02-25 22:23:19,264 connection Disconnected
INFO 2025-02-25 22:23:19,264 tcp Send exception: ConnectionResetError Connection lost
INFO 2025-02-25 22:23:19,264 tcp Send exception: ConnectionResetError Connection lost
INFO 2025-02-25 22:23:19,265 connection Disconnected
INFO 2025-02-25 22:23:19,265 session Session stopped
INFO 2025-02-25 22:23:19,265 connection Connecting...
INFO 2025-02-25 22:23:19,265 tcp Send exception: ConnectionResetError Connection lost
INFO 2025-02-25 22:23:19,402 connection Connected! Production DC2 - IPv4
INFO 2025-02-25 22:23:19,402 session NetworkTask started
INFO 2025-02-25 22:23:19,710 session Discarding packet: The msg_id is lower than all the stored values
INFO 2025-02-25 22:23:19,714 session NetworkTask stopped
INFO 2025-02-25 22:23:19,715 connection Disconnected
INFO 2025-02-25 22:23:19,715 tcp Send exception: ConnectionResetError Connection lost
INFO 2025-02-25 22:23:19,715 tcp Send exception: ConnectionResetError Connection lost
INFO 2025-02-25 22:23:19,716 connection Disconnected
INFO 2025-02-25 22:23:19,716 session Session stopped
INFO 2025-02-25 22:23:19,716 connection Connecting...
INFO 2025-02-25 22:23:19,716 tcp Send exception: ConnectionResetError Connection lost
INFO 2025-02-25 22:23:19,842 connection Connected! Production DC2 - IPv4
INFO 2025-02-25 22:23:19,842 session NetworkTask started
INFO 2025-02-25 22:23:20,166 session Discarding packet: The msg_id is lower than all the stored values
INFO 2025-02-25 22:23:20,168 session NetworkTask stopped
INFO 2025-02-25 22:23:20,168 connection Disconnected
INFO 2025-02-25 22:23:20,169 tcp Send exception: ConnectionResetError Connection lost
INFO 2025-02-25 22:23:20,169 tcp Send exception: ConnectionResetError Connection lost
INFO 2025-02-25 22:23:20,169 connection Disconnected
INFO 2025-02-25 22:23:20,169 session Session stopped
INFO 2025-02-25 22:23:20,170 connection Connecting...
INFO 2025-02-25 22:23:20,170 tcp Send exception: ConnectionResetError Connection lost
INFO 2025-02-25 22:23:20,290 connection Connected! Production DC2 - IPv4
INFO 2025-02-25 22:23:20,290 session NetworkTask started
INFO 2025-02-25 22:23:20,611 session Discarding packet: The msg_id is lower than all the stored values
INFO 2025-02-25 22:23:20,613 session NetworkTask stopped
INFO 2025-02-25 22:23:20,614 connection Disconnected
INFO 2025-02-25 22:23:20,614 tcp Send exception: ConnectionResetError Connection lost
INFO 2025-02-25 22:23:20,614 tcp Send exception: ConnectionResetError Connection lost
INFO 2025-02-25 22:23:20,614 connection Disconnected
INFO 2025-02-25 22:23:20,614 session Session stopped
INFO 2025-02-25 22:23:20,614 connection Connecting...
INFO 2025-02-25 22:23:20,614 tcp Send exception: ConnectionResetError Connection lost
INFO 2025-02-25 22:23:20,743 connection Connected! Production DC2 - IPv4
INFO 2025-02-25 22:23:20,744 session NetworkTask started
INFO 2025-02-25 22:23:22,270 session Discarding packet: The msg_id is lower than all the stored values
INFO 2025-02-25 22:23:22,270 session NetworkTask stopped
INFO 2025-02-25 22:23:22,270 connection Disconnected
INFO 2025-02-25 22:23:22,272 tcp Send exception: ConnectionResetError Connection lost
INFO 2025-02-25 22:23:22,272 connection Disconnected
INFO 2025-02-25 22:23:22,272 session Session stopped
INFO 2025-02-25 22:23:22,272 connection Connecting...
INFO 2025-02-25 22:23:22,400 connection Connected! Production DC2 - IPv4
INFO 2025-02-25 22:23:22,400 session NetworkTask started
INFO 2025-02-25 22:23:22,867 session Session initialized: Layer 158
INFO 2025-02-25 22:23:22,868 session Device: CPython 3.13.2 - Pyrogram 2.0.106
INFO 2025-02-25 22:23:22,868 session System: Windows 11 (en)
INFO 2025-02-25 22:23:22,868 session Session started
INFO 2025-02-25 22:23:22,868 session PingTask started
INFO 2025-02-25 22:24:56,611 autoreload Watching for file changes with StatReloader
WARNING 2025-02-25 22:24:57,017 aes TgCrypto is missing! Pyrogram will work the same, but at a much slower speed. More info: https://docs.pyrogram.org/topics/speedups
WARNING 2025-02-25 22:25:14,163 log Forbidden (CSRF token from POST incorrect.): /login/
INFO 2025-02-25 22:25:28,314 connection Connecting...
INFO 2025-02-25 22:25:28,463 connection Connected! Production DC2 - IPv4
INFO 2025-02-25 22:25:28,464 session NetworkTask started
INFO 2025-02-25 22:25:29,073 session Session initialized: Layer 158
INFO 2025-02-25 22:25:29,073 session Device: CPython 3.13.2 - Pyrogram 2.0.106
INFO 2025-02-25 22:25:29,074 session System: Windows 11 (en)
INFO 2025-02-25 22:25:29,074 session Session started
INFO 2025-02-25 22:25:29,076 session PingTask started
